d:\calendar\calender_project\calender_project1\debug\calender_project1.myform.resources
d:\calendar\calender_project\calender_project1\debug\calender_project1.myform2.resources
d:\calendar\calender_project\calender_project1\debug\vc140.pdb
d:\calendar\calender_project\calender_project1\debug\myform2.obj
d:\calendar\calender_project\calender_project1\debug\myform.obj
d:\calendar\calender_project\calender_project1\debug\.netframework,version=v4.5.2.assemblyattributes.obj
d:\calendar\calender_project\calender_project1\debug\.netframework,version=v4.5.2.assemblyattributes.asm
d:\calendar\calender_project\debug\calender_project1.exe
d:\calendar\calender_project\debug\calender_project1.pdb
d:\calendar\calender_project\calender_project1\debug\calender.9696b190.tlog\metagen.write.1.tlog
d:\calendar\calender_project\calender_project1\debug\calender_project1.vcxproj.generateresource.cache
d:\calendar\calender_project\calender_project1\debug\calender_project1.vcxproj.resolvecomreference.cache
d:\calendar\calender_project\calender_project1\debug\calender_project1.vcxprojresolveassemblyreference.cache
d:\calendar\calender_project\calender_project1\debug\calender.9696b190.tlog\calender_project1.write.1u.tlog
d:\calendar\calender_project\calender_project1\debug\calender.9696b190.tlog\cl.command.1.tlog
d:\calendar\calender_project\calender_project1\debug\calender.9696b190.tlog\cl.read.1.tlog
d:\calendar\calender_project\calender_project1\debug\calender.9696b190.tlog\cl.write.1.tlog
d:\calendar\calender_project\calender_project1\debug\calender.9696b190.tlog\link.command.1.tlog
d:\calendar\calender_project\calender_project1\debug\calender.9696b190.tlog\link.read.1.tlog
d:\calendar\calender_project\calender_project1\debug\calender.9696b190.tlog\link.write.1.tlog
d:\calendar\calender_project\calender_project1\debug\calender.9696b190.tlog\metagen.read.1.tlog
d:\calendar\calender_project\calender_project1\debug\calender.9696b190.tlog\axinterop.axvlc.1.0.dll.metagen
d:\calendar\calender_project\calender_project1\debug\calender.9696b190.tlog\axinterop.wmplib.1.0.dll.metagen
d:\calendar\calender_project\calender_project1\debug\calender.9696b190.tlog\interop.axvlc.1.0.dll.metagen
d:\calendar\calender_project\calender_project1\debug\calender.9696b190.tlog\interop.wmplib.1.0.dll.metagen
d:\calendar\calender_project\calender_project1\debug\calender.9696b190.tlog\tzres.dll.bi
